<?xml version="1.0" encoding="UTF-8"?>
<!-- Generated by org.testng.reporters.JUnitReportReporter -->
<testsuite skipped="0" hostname="DESKTOP-1T2P0UJ" name="com.Massmutual.TestRunner.TestRunner" tests="1" failures="0" timestamp="30 May 2021 15:10:33 GMT" time="3.538" errors="0">
  <testcase name="feature" time="3.538" classname="com.Massmutual.TestRunner.TestRunner"/>
</testsuite> <!-- com.Massmutual.TestRunner.TestRunner -->
